2020-09-07 19:11:22.701  INFO 19832 --- [main] c.O.OrganizationServiceApplication       : No active profile set, falling back to default profiles: default
2020-09-07 19:11:23.856  INFO 19832 --- [main] .s.d.r.c.RepositoryConfigurationDelegate : Bootstrapping Spring Data JPA repositories in DEFERRED mode.
2020-09-07 19:11:23.900  INFO 19832 --- [main] .s.d.r.c.RepositoryConfigurationDelegate : Finished Spring Data repository scanning in 26ms. Found 0 JPA repository interfaces.
2020-09-07 19:11:24.305  INFO 19832 --- [main] o.s.cloud.context.scope.GenericScope     : BeanFactory id=41ed215b-eaf0-351b-905f-40893c73fb8e
2020-09-07 19:11:24.508  INFO 19832 --- [main] trationDelegate$BeanPostProcessorChecker : Bean 'org.springframework.cloud.autoconfigure.ConfigurationPropertiesRebinderAutoConfiguration' of type [org.springframework.cloud.autoconfigure.ConfigurationPropertiesRebinderAutoConfiguration$$EnhancerBySpringCGLIB$$27602252] is not eligible for getting processed by all BeanPostProcessors (for example: not eligible for auto-proxying)
2020-09-07 19:11:25.190  INFO 19832 --- [main] o.s.b.w.embedded.tomcat.TomcatWebServer  : Tomcat initialized with port(s): 8083 (http)
2020-09-07 19:11:25.216  INFO 19832 --- [main] o.apache.catalina.core.StandardService   : Starting service [Tomcat]
2020-09-07 19:11:25.217  INFO 19832 --- [main] org.apache.catalina.core.StandardEngine  : Starting Servlet engine: [Apache Tomcat/9.0.37]
2020-09-07 19:11:25.673  INFO 19832 --- [main] o.a.c.c.C.[Tomcat].[localhost].[/]       : Initializing Spring embedded WebApplicationContext
2020-09-07 19:11:25.674  INFO 19832 --- [main] w.s.c.ServletWebServerApplicationContext : Root WebApplicationContext: initialization completed in 2950 ms
2020-09-07 19:11:26.049  INFO 19832 --- [main] o.s.s.concurrent.ThreadPoolTaskExecutor  : Initializing ExecutorService 'applicationTaskExecutor'
2020-09-07 19:11:26.211  INFO 19832 --- [task-1] o.hibernate.jpa.internal.util.LogHelper  : HHH000204: Processing PersistenceUnitInfo [name: default]
2020-09-07 19:11:26.284  WARN 19832 --- [main] c.n.c.sources.URLConfigurationSource     : No URLs will be polled as dynamic configuration sources.
2020-09-07 19:11:26.290  INFO 19832 --- [main] c.n.c.sources.URLConfigurationSource     : To enable URLs as dynamic configuration sources, define System property archaius.configurationSource.additionalUrls or make config.properties available on classpath.
2020-09-07 19:11:26.303  WARN 19832 --- [main] c.n.c.sources.URLConfigurationSource     : No URLs will be polled as dynamic configuration sources.
2020-09-07 19:11:26.303  INFO 19832 --- [main] c.n.c.sources.URLConfigurationSource     : To enable URLs as dynamic configuration sources, define System property archaius.configurationSource.additionalUrls or make config.properties available on classpath.
2020-09-07 19:11:26.348  INFO 19832 --- [task-1] org.hibernate.Version                    : HHH000412: Hibernate ORM core version 5.4.20.Final
2020-09-07 19:11:26.415  WARN 19832 --- [main] JpaBaseConfiguration$JpaWebConfiguration : spring.jpa.open-in-view is enabled by default. Therefore, database queries may be performed during view rendering. Explicitly configure spring.jpa.open-in-view to disable this warning
2020-09-07 19:11:26.820  INFO 19832 --- [task-1] o.hibernate.annotations.common.Version   : HCANN000001: Hibernate Commons Annotations {5.1.0.Final}
2020-09-07 19:11:27.112  INFO 19832 --- [task-1] com.zaxxer.hikari.HikariDataSource       : HikariPool-1 - Starting...
2020-09-07 19:11:28.385  INFO 19832 --- [main] o.s.c.n.eureka.InstanceInfoFactory       : Setting initial instance status as: STARTING
2020-09-07 19:11:28.438  INFO 19832 --- [task-1] com.zaxxer.hikari.HikariDataSource       : HikariPool-1 - Start completed.
2020-09-07 19:11:28.521  INFO 19832 --- [task-1] org.hibernate.dialect.Dialect            : HHH000400: Using dialect: org.hibernate.dialect.MySQL57Dialect
2020-09-07 19:11:28.580  INFO 19832 --- [main] com.netflix.discovery.DiscoveryClient    : Initializing Eureka in region us-east-1
2020-09-07 19:11:29.038  INFO 19832 --- [main] c.n.d.provider.DiscoveryJerseyProvider   : Using JSON encoding codec LegacyJacksonJson
2020-09-07 19:11:29.038  INFO 19832 --- [main] c.n.d.provider.DiscoveryJerseyProvider   : Using JSON decoding codec LegacyJacksonJson
2020-09-07 19:11:29.779  INFO 19832 --- [main] c.n.d.provider.DiscoveryJerseyProvider   : Using XML encoding codec XStreamXml
2020-09-07 19:11:29.780  INFO 19832 --- [main] c.n.d.provider.DiscoveryJerseyProvider   : Using XML decoding codec XStreamXml
2020-09-07 19:11:30.328  INFO 19832 --- [main] c.n.d.s.r.aws.ConfigClusterResolver      : Resolving eureka endpoints via configuration
2020-09-07 19:11:30.972  INFO 19832 --- [main] com.netflix.discovery.DiscoveryClient    : Disable delta property : false
2020-09-07 19:11:30.973  INFO 19832 --- [main] com.netflix.discovery.DiscoveryClient    : Single vip registry refresh property : null
2020-09-07 19:11:30.973  INFO 19832 --- [main] com.netflix.discovery.DiscoveryClient    : Force full registry fetch : false
2020-09-07 19:11:30.974  INFO 19832 --- [main] com.netflix.discovery.DiscoveryClient    : Application is null : false
2020-09-07 19:11:30.974  INFO 19832 --- [main] com.netflix.discovery.DiscoveryClient    : Registered Applications size is zero : true
2020-09-07 19:11:30.976  INFO 19832 --- [main] com.netflix.discovery.DiscoveryClient    : Application version is -1: true
2020-09-07 19:11:30.977  INFO 19832 --- [main] com.netflix.discovery.DiscoveryClient    : Getting all instance registry info from the eureka server
2020-09-07 19:11:31.172  INFO 19832 --- [task-1] o.h.e.t.j.p.i.JtaPlatformInitiator       : HHH000490: Using JtaPlatform implementation: [org.hibernate.engine.transaction.jta.platform.internal.NoJtaPlatform]
2020-09-07 19:11:31.204  INFO 19832 --- [task-1] j.LocalContainerEntityManagerFactoryBean : Initialized JPA EntityManagerFactory for persistence unit 'default'
2020-09-07 19:11:31.422  INFO 19832 --- [main] com.netflix.discovery.DiscoveryClient    : The response status is 200
2020-09-07 19:11:31.427  INFO 19832 --- [main] com.netflix.discovery.DiscoveryClient    : Starting heartbeat executor: renew interval is: 30
2020-09-07 19:11:31.432  INFO 19832 --- [main] c.n.discovery.InstanceInfoReplicator     : InstanceInfoReplicator onDemand update allowed rate per min is 4
2020-09-07 19:11:31.439  INFO 19832 --- [main] com.netflix.discovery.DiscoveryClient    : Discovery Client initialized at timestamp 1599486091437 with initial instances count: 3
2020-09-07 19:11:31.444  INFO 19832 --- [main] o.s.c.n.e.s.EurekaServiceRegistry        : Registering application DEPT-EMP-SERVICE with eureka with status UP
2020-09-07 19:11:31.445  INFO 19832 --- [main] com.netflix.discovery.DiscoveryClient    : Saw local status change event StatusChangeEvent [timestamp=1599486091445, current=UP, previous=STARTING]
2020-09-07 19:11:31.450  INFO 19832 --- [DiscoveryClient-InstanceInfoReplicator-0] com.netflix.discovery.DiscoveryClient    : DiscoveryClient_DEPT-EMP-SERVICE/LAPTOP-LIP6DHCR:dept-emp-service:8083: registering service...
2020-09-07 19:11:31.509  INFO 19832 --- [main] o.s.b.w.embedded.tomcat.TomcatWebServer  : Tomcat started on port(s): 8083 (http) with context path ''
2020-09-07 19:11:31.511  INFO 19832 --- [main] .s.c.n.e.s.EurekaAutoServiceRegistration : Updating port to 8083
2020-09-07 19:11:31.521  INFO 19832 --- [DiscoveryClient-InstanceInfoReplicator-0] com.netflix.discovery.DiscoveryClient    : DiscoveryClient_DEPT-EMP-SERVICE/LAPTOP-LIP6DHCR:dept-emp-service:8083 - registration status: 204
2020-09-07 19:11:31.519  INFO 19832 --- [main] DeferredRepositoryInitializationListener : Triggering deferred initialization of Spring Data repositories…
2020-09-07 19:11:31.523  INFO 19832 --- [main] DeferredRepositoryInitializationListener : Spring Data repositories initialized!
2020-09-07 19:11:31.537  INFO 19832 --- [main] c.O.OrganizationServiceApplication       : Started OrganizationServiceApplication in 10.849 seconds (JVM running for 11.761)
2020-09-07 19:15:11.235  INFO 19832 --- [http-nio-8083-exec-1] o.a.c.c.C.[Tomcat].[localhost].[/]       : Initializing Spring DispatcherServlet 'dispatcherServlet'
2020-09-07 19:15:11.236  INFO 19832 --- [http-nio-8083-exec-1] o.s.web.servlet.DispatcherServlet        : Initializing Servlet 'dispatcherServlet'
2020-09-07 19:15:11.250  INFO 19832 --- [http-nio-8083-exec-1] o.s.web.servlet.DispatcherServlet        : Completed initialization in 14 ms
2020-09-07 19:15:11.406  INFO 19832 --- [http-nio-8083-exec-1] c.O.controller.OrganizationController    : From organization service application organization controller get all department details
2020-09-07 19:15:11.406  INFO 19832 --- [http-nio-8083-exec-1] c.O.service.OrganizationService          : From organization service get all departments service
2020-09-07 19:15:11.845  INFO 19832 --- [http-nio-8083-exec-1] c.netflix.config.ChainedDynamicProperty  : Flipping property: department-service.ribbon.ActiveConnectionsLimit to use NEXT property: niws.loadbalancer.availabilityFilteringRule.activeConnectionsLimit = 2147483647
2020-09-07 19:15:11.920  INFO 19832 --- [http-nio-8083-exec-1] c.n.u.concurrent.ShutdownEnabledTimer    : Shutdown hook installed for: NFLoadBalancer-PingTimer-department-service
2020-09-07 19:15:11.920  INFO 19832 --- [http-nio-8083-exec-1] c.netflix.loadbalancer.BaseLoadBalancer  : Client: department-service instantiated a LoadBalancer: DynamicServerListLoadBalancer:{NFLoadBalancer:name=department-service,current list of Servers=[],Load balancer stats=Zone stats: {},Server stats: []}ServerList:null
2020-09-07 19:15:11.933  INFO 19832 --- [http-nio-8083-exec-1] c.n.l.DynamicServerListLoadBalancer      : Using serverListUpdater PollingServerListUpdater
2020-09-07 19:15:11.972  INFO 19832 --- [http-nio-8083-exec-1] c.netflix.config.ChainedDynamicProperty  : Flipping property: department-service.ribbon.ActiveConnectionsLimit to use NEXT property: niws.loadbalancer.availabilityFilteringRule.activeConnectionsLimit = 2147483647
2020-09-07 19:15:11.975  INFO 19832 --- [http-nio-8083-exec-1] c.n.l.DynamicServerListLoadBalancer      : DynamicServerListLoadBalancer for client department-service initialized: DynamicServerListLoadBalancer:{NFLoadBalancer:name=department-service,current list of Servers=[LAPTOP-LIP6DHCR:8081],Load balancer stats=Zone stats: {defaultzone=[Zone:defaultzone;	Instance count:1;	Active connections count: 0;	Circuit breaker tripped count: 0;	Active connections per server: 0.0;]
},Server stats: [[Server:LAPTOP-LIP6DHCR:8081;	Zone:defaultZone;	Total Requests:0;	Successive connection failure:0;	Total blackout seconds:0;	Last connection made:Thu Jan 01 05:30:00 IST 1970;	First connection made: Thu Jan 01 05:30:00 IST 1970;	Active Connections:0;	total failure count in last (1000) msecs:0;	average resp time:0.0;	90 percentile resp time:0.0;	95 percentile resp time:0.0;	min resp time:0.0;	max resp time:0.0;	stddev resp time:0.0]
]}ServerList:org.springframework.cloud.netflix.ribbon.eureka.DomainExtractingServerList@2c7da5ea
2020-09-07 19:15:12.022  INFO 19832 --- [http-nio-8083-exec-1] DeferredRepositoryInitializationListener : Triggering deferred initialization of Spring Data repositories…
2020-09-07 19:15:12.023  INFO 19832 --- [http-nio-8083-exec-1] DeferredRepositoryInitializationListener : Spring Data repositories initialized!
2020-09-07 19:15:12.943  INFO 19832 --- [PollingServerListUpdater-0] c.netflix.config.ChainedDynamicProperty  : Flipping property: department-service.ribbon.ActiveConnectionsLimit to use NEXT property: niws.loadbalancer.availabilityFilteringRule.activeConnectionsLimit = 2147483647
2020-09-07 19:15:14.170  INFO 19832 --- [http-nio-8083-exec-2] c.O.controller.OrganizationController    : From organization service application organization controller get all department details
2020-09-07 19:15:14.170  INFO 19832 --- [http-nio-8083-exec-2] c.O.service.OrganizationService          : From organization service get all departments service
2020-09-07 19:15:19.938  INFO 19832 --- [http-nio-8083-exec-3] c.O.controller.OrganizationController    : From organization service application organization controller get all department details
2020-09-07 19:15:19.938  INFO 19832 --- [http-nio-8083-exec-3] c.O.service.OrganizationService          : From organization service get all departments service
2020-09-07 19:15:22.306  INFO 19832 --- [http-nio-8083-exec-4] c.O.controller.OrganizationController    : From organization service application organization controller get all department details
2020-09-07 19:15:22.306  INFO 19832 --- [http-nio-8083-exec-4] c.O.service.OrganizationService          : From organization service get all departments service
2020-09-07 19:15:41.892  INFO 19832 --- [http-nio-8083-exec-5] c.O.controller.OrganizationController    : From organization service application organization controller adding new department
2020-09-07 19:15:41.892  INFO 19832 --- [http-nio-8083-exec-5] c.O.service.OrganizationService          : From organization service adding new department service
2020-09-07 19:15:42.354  INFO 19832 --- [http-nio-8083-exec-6] c.O.controller.OrganizationController    : From organization service application organization controller get all department details
2020-09-07 19:15:42.354  INFO 19832 --- [http-nio-8083-exec-6] c.O.service.OrganizationService          : From organization service get all departments service
2020-09-07 19:15:44.920  INFO 19832 --- [http-nio-8083-exec-7] c.O.controller.OrganizationController    : From organization service application organization controller get department by id
2020-09-07 19:15:44.920  INFO 19832 --- [http-nio-8083-exec-7] c.O.service.OrganizationService          : From organization service get department by id service
2020-09-07 19:15:54.819  INFO 19832 --- [http-nio-8083-exec-8] c.O.controller.OrganizationController    : From organization service application organization controller updating department
2020-09-07 19:15:54.820  INFO 19832 --- [http-nio-8083-exec-8] c.O.service.OrganizationService          : From organization service update department service
2020-09-07 19:15:56.658  INFO 19832 --- [http-nio-8083-exec-9] c.O.controller.OrganizationController    : From organization service application organization controller get all department details
2020-09-07 19:15:56.659  INFO 19832 --- [http-nio-8083-exec-9] c.O.service.OrganizationService          : From organization service get all departments service
2020-09-07 19:15:59.899  INFO 19832 --- [http-nio-8083-exec-10] c.O.controller.OrganizationController    : From organization service application organization controller delete department
2020-09-07 19:15:59.899  INFO 19832 --- [http-nio-8083-exec-10] c.O.service.OrganizationService          : From organization service delete department service
2020-09-07 19:15:59.968  INFO 19832 --- [http-nio-8083-exec-1] c.O.controller.OrganizationController    : From organization service application organization controller get all department details
2020-09-07 19:15:59.968  INFO 19832 --- [http-nio-8083-exec-1] c.O.service.OrganizationService          : From organization service get all departments service
2020-09-07 19:16:04.837  INFO 19832 --- [http-nio-8083-exec-2] c.O.controller.OrganizationController    : From organization service application organization controller get all department details
2020-09-07 19:16:04.837  INFO 19832 --- [http-nio-8083-exec-2] c.O.service.OrganizationService          : From organization service get all departments service
2020-09-07 19:16:04.869  INFO 19832 --- [http-nio-8083-exec-3] c.O.controller.OrganizationController    : From organization service application organization controller get all department details
2020-09-07 19:16:04.869  INFO 19832 --- [http-nio-8083-exec-3] c.O.service.OrganizationService          : From organization service get all departments service
2020-09-07 19:16:04.891  INFO 19832 --- [http-nio-8083-exec-4] c.O.controller.OrganizationController    : From organization service application organization controller get employee by id
2020-09-07 19:16:04.892  INFO 19832 --- [http-nio-8083-exec-4] c.O.service.OrganizationService          : From organization service get employees by department id service
2020-09-07 19:16:05.001  INFO 19832 --- [http-nio-8083-exec-4] c.netflix.config.ChainedDynamicProperty  : Flipping property: employee-service.ribbon.ActiveConnectionsLimit to use NEXT property: niws.loadbalancer.availabilityFilteringRule.activeConnectionsLimit = 2147483647
2020-09-07 19:16:05.019  INFO 19832 --- [http-nio-8083-exec-4] c.n.u.concurrent.ShutdownEnabledTimer    : Shutdown hook installed for: NFLoadBalancer-PingTimer-employee-service
2020-09-07 19:16:05.019  INFO 19832 --- [http-nio-8083-exec-4] c.netflix.loadbalancer.BaseLoadBalancer  : Client: employee-service instantiated a LoadBalancer: DynamicServerListLoadBalancer:{NFLoadBalancer:name=employee-service,current list of Servers=[],Load balancer stats=Zone stats: {},Server stats: []}ServerList:null
2020-09-07 19:16:05.023  INFO 19832 --- [http-nio-8083-exec-4] c.n.l.DynamicServerListLoadBalancer      : Using serverListUpdater PollingServerListUpdater
2020-09-07 19:16:05.026  INFO 19832 --- [http-nio-8083-exec-4] c.netflix.config.ChainedDynamicProperty  : Flipping property: employee-service.ribbon.ActiveConnectionsLimit to use NEXT property: niws.loadbalancer.availabilityFilteringRule.activeConnectionsLimit = 2147483647
2020-09-07 19:16:05.028  INFO 19832 --- [http-nio-8083-exec-4] c.n.l.DynamicServerListLoadBalancer      : DynamicServerListLoadBalancer for client employee-service initialized: DynamicServerListLoadBalancer:{NFLoadBalancer:name=employee-service,current list of Servers=[LAPTOP-LIP6DHCR:8082],Load balancer stats=Zone stats: {defaultzone=[Zone:defaultzone;	Instance count:1;	Active connections count: 0;	Circuit breaker tripped count: 0;	Active connections per server: 0.0;]
},Server stats: [[Server:LAPTOP-LIP6DHCR:8082;	Zone:defaultZone;	Total Requests:0;	Successive connection failure:0;	Total blackout seconds:0;	Last connection made:Thu Jan 01 05:30:00 IST 1970;	First connection made: Thu Jan 01 05:30:00 IST 1970;	Active Connections:0;	total failure count in last (1000) msecs:0;	average resp time:0.0;	90 percentile resp time:0.0;	95 percentile resp time:0.0;	min resp time:0.0;	max resp time:0.0;	stddev resp time:0.0]
]}ServerList:org.springframework.cloud.netflix.ribbon.eureka.DomainExtractingServerList@71bbcbc0
2020-09-07 19:16:05.041  INFO 19832 --- [http-nio-8083-exec-4] DeferredRepositoryInitializationListener : Triggering deferred initialization of Spring Data repositories…
2020-09-07 19:16:05.041  INFO 19832 --- [http-nio-8083-exec-4] DeferredRepositoryInitializationListener : Spring Data repositories initialized!
2020-09-07 19:16:06.040  INFO 19832 --- [PollingServerListUpdater-0] c.netflix.config.ChainedDynamicProperty  : Flipping property: employee-service.ribbon.ActiveConnectionsLimit to use NEXT property: niws.loadbalancer.availabilityFilteringRule.activeConnectionsLimit = 2147483647
2020-09-07 19:16:07.589  INFO 19832 --- [http-nio-8083-exec-5] c.O.controller.OrganizationController    : From organization service application organization controller get all department details
2020-09-07 19:16:07.590  INFO 19832 --- [http-nio-8083-exec-5] c.O.service.OrganizationService          : From organization service get all departments service
2020-09-07 19:16:07.611  INFO 19832 --- [http-nio-8083-exec-6] c.O.controller.OrganizationController    : From organization service application organization controller get employee by id
2020-09-07 19:16:07.611  INFO 19832 --- [http-nio-8083-exec-6] c.O.service.OrganizationService          : From organization service get employees by department id service
2020-09-07 19:16:30.986  INFO 19832 --- [AsyncResolver-bootstrap-executor-0] c.n.d.s.r.aws.ConfigClusterResolver      : Resolving eureka endpoints via configuration
2020-09-07 19:16:32.820  INFO 19832 --- [http-nio-8083-exec-7] c.O.controller.OrganizationController    : From organization service application organization controller adding new employee
2020-09-07 19:16:32.820  INFO 19832 --- [http-nio-8083-exec-7] c.O.service.OrganizationService          : From organization service adding new employee service
2020-09-07 19:16:33.110  INFO 19832 --- [http-nio-8083-exec-8] c.O.controller.OrganizationController    : From organization service application organization controller get all department details
2020-09-07 19:16:33.110  INFO 19832 --- [http-nio-8083-exec-8] c.O.service.OrganizationService          : From organization service get all departments service
2020-09-07 19:16:33.141  INFO 19832 --- [http-nio-8083-exec-9] c.O.controller.OrganizationController    : From organization service application organization controller get employee by id
2020-09-07 19:16:33.142  INFO 19832 --- [http-nio-8083-exec-9] c.O.service.OrganizationService          : From organization service get employees by department id service
2020-09-07 19:16:47.074  INFO 19832 --- [http-nio-8083-exec-10] c.O.controller.OrganizationController    : From organization service application organization controller updating employee details
2020-09-07 19:16:47.075  INFO 19832 --- [http-nio-8083-exec-10] c.O.service.OrganizationService          : From organization service update employee service
2020-09-07 19:16:47.190  INFO 19832 --- [http-nio-8083-exec-1] c.O.controller.OrganizationController    : From organization service application organization controller get all department details
2020-09-07 19:16:47.191  INFO 19832 --- [http-nio-8083-exec-1] c.O.service.OrganizationService          : From organization service get all departments service
2020-09-07 19:16:47.226  INFO 19832 --- [http-nio-8083-exec-2] c.O.controller.OrganizationController    : From organization service application organization controller get employee by id
2020-09-07 19:16:47.227  INFO 19832 --- [http-nio-8083-exec-2] c.O.service.OrganizationService          : From organization service get employees by department id service
2020-09-07 19:16:51.886  INFO 19832 --- [http-nio-8083-exec-3] c.O.controller.OrganizationController    : From organization service application organization controller delete employee
2020-09-07 19:16:51.887  INFO 19832 --- [http-nio-8083-exec-3] c.O.service.OrganizationService          : From organization service delete employee service
2020-09-07 19:16:52.010  INFO 19832 --- [http-nio-8083-exec-4] c.O.controller.OrganizationController    : From organization service application organization controller get all department details
2020-09-07 19:16:52.010  INFO 19832 --- [http-nio-8083-exec-4] c.O.service.OrganizationService          : From organization service get all departments service
2020-09-07 19:16:52.041  INFO 19832 --- [http-nio-8083-exec-5] c.O.controller.OrganizationController    : From organization service application organization controller get employee by id
2020-09-07 19:16:52.042  INFO 19832 --- [http-nio-8083-exec-5] c.O.service.OrganizationService          : From organization service get employees by department id service
2020-09-07 19:16:56.291  INFO 19832 --- [http-nio-8083-exec-6] c.O.controller.OrganizationController    : From organization service application organization controller get all department details
2020-09-07 19:16:56.292  INFO 19832 --- [http-nio-8083-exec-6] c.O.service.OrganizationService          : From organization service get all departments service
2020-09-07 19:16:56.320  INFO 19832 --- [http-nio-8083-exec-7] c.O.controller.OrganizationController    : From organization service application organization controller get all department details
2020-09-07 19:16:56.321  INFO 19832 --- [http-nio-8083-exec-7] c.O.service.OrganizationService          : From organization service get all departments service
2020-09-07 19:16:56.341  INFO 19832 --- [http-nio-8083-exec-8] c.O.controller.OrganizationController    : From organization service application organization controller get employee by id
2020-09-07 19:16:56.341  INFO 19832 --- [http-nio-8083-exec-8] c.O.service.OrganizationService          : From organization service get employees by department id service
2020-09-07 19:17:02.285  INFO 19832 --- [http-nio-8083-exec-9] c.O.controller.OrganizationController    : From organization service application organization controller updating employee details
2020-09-07 19:17:02.285  INFO 19832 --- [http-nio-8083-exec-9] c.O.service.OrganizationService          : From organization service update employee service
2020-09-07 19:17:02.382  INFO 19832 --- [http-nio-8083-exec-10] c.O.controller.OrganizationController    : From organization service application organization controller get all department details
2020-09-07 19:17:02.382  INFO 19832 --- [http-nio-8083-exec-10] c.O.service.OrganizationService          : From organization service get all departments service
2020-09-07 19:17:02.404  INFO 19832 --- [http-nio-8083-exec-1] c.O.controller.OrganizationController    : From organization service application organization controller get employee by id
2020-09-07 19:17:02.404  INFO 19832 --- [http-nio-8083-exec-1] c.O.service.OrganizationService          : From organization service get employees by department id service
2020-09-07 19:17:12.413  INFO 19832 --- [http-nio-8083-exec-2] c.O.controller.OrganizationController    : From organization service application organization controller get all department details
2020-09-07 19:17:12.415  INFO 19832 --- [http-nio-8083-exec-2] c.O.service.OrganizationService          : From organization service get all departments service
2020-09-07 19:17:33.813  INFO 19832 --- [http-nio-8083-exec-3] c.O.controller.OrganizationController    : From organization service application organization controller get all department details
2020-09-07 19:17:33.815  INFO 19832 --- [http-nio-8083-exec-3] c.O.service.OrganizationService          : From organization service get all departments service
2020-09-07 19:17:49.523  INFO 19832 --- [http-nio-8083-exec-4] c.O.controller.OrganizationController    : From organization service application organization controller get all department details
2020-09-07 19:17:49.524  INFO 19832 --- [http-nio-8083-exec-4] c.O.service.OrganizationService          : From organization service get all departments service
2020-09-07 19:17:57.999  INFO 19832 --- [http-nio-8083-exec-5] c.O.controller.OrganizationController    : From organization service application organization controller get all department details
2020-09-07 19:17:58.000  INFO 19832 --- [http-nio-8083-exec-5] c.O.service.OrganizationService          : From organization service get all departments service
2020-09-07 19:18:14.908  INFO 19832 --- [http-nio-8083-exec-6] c.O.controller.OrganizationController    : From organization service application organization controller get all department details
2020-09-07 19:18:14.909  INFO 19832 --- [http-nio-8083-exec-6] c.O.service.OrganizationService          : From organization service get all departments service
2020-09-07 19:18:32.340  INFO 19832 --- [http-nio-8083-exec-7] c.O.controller.OrganizationController    : From organization service application organization controller get all department details
2020-09-07 19:18:32.341  INFO 19832 --- [http-nio-8083-exec-7] c.O.service.OrganizationService          : From organization service get all departments service
2020-09-07 19:21:30.988  INFO 19832 --- [AsyncResolver-bootstrap-executor-0] c.n.d.s.r.aws.ConfigClusterResolver      : Resolving eureka endpoints via configuration
2020-09-07 19:26:30.991  INFO 19832 --- [AsyncResolver-bootstrap-executor-0] c.n.d.s.r.aws.ConfigClusterResolver      : Resolving eureka endpoints via configuration
2020-09-07 19:31:30.993  INFO 19832 --- [AsyncResolver-bootstrap-executor-0] c.n.d.s.r.aws.ConfigClusterResolver      : Resolving eureka endpoints via configuration
2020-09-07 19:45:08.723  WARN 19832 --- [HikariPool-1 housekeeper] com.zaxxer.hikari.pool.HikariPool        : HikariPool-1 - Thread starvation or clock leap detected (housekeeper delta=11m10s108ms949µs964ns).
2020-09-07 19:47:11.098  INFO 19832 --- [AsyncResolver-bootstrap-executor-0] c.n.d.s.r.aws.ConfigClusterResolver      : Resolving eureka endpoints via configuration
2020-09-07 19:47:58.468  INFO 19832 --- [http-nio-8083-exec-9] c.O.controller.OrganizationController    : From organization service application organization controller get all department details
2020-09-07 19:47:58.468  INFO 19832 --- [http-nio-8083-exec-9] c.O.service.OrganizationService          : From organization service get all departments service
2020-09-07 19:48:24.779  INFO 19832 --- [http-nio-8083-exec-10] c.O.controller.OrganizationController    : From organization service application organization controller adding new department
2020-09-07 19:48:24.780  INFO 19832 --- [http-nio-8083-exec-10] c.O.service.OrganizationService          : From organization service adding new department service
2020-09-07 19:48:24.938  INFO 19832 --- [http-nio-8083-exec-1] c.O.controller.OrganizationController    : From organization service application organization controller get all department details
2020-09-07 19:48:24.939  INFO 19832 --- [http-nio-8083-exec-1] c.O.service.OrganizationService          : From organization service get all departments service
2020-09-07 19:48:26.796  INFO 19832 --- [http-nio-8083-exec-2] c.O.controller.OrganizationController    : From organization service application organization controller get department by id
2020-09-07 19:48:26.796  INFO 19832 --- [http-nio-8083-exec-2] c.O.service.OrganizationService          : From organization service get department by id service
2020-09-07 19:48:37.973  INFO 19832 --- [http-nio-8083-exec-3] c.O.controller.OrganizationController    : From organization service application organization controller updating department
2020-09-07 19:48:37.973  INFO 19832 --- [http-nio-8083-exec-3] c.O.service.OrganizationService          : From organization service update department service
2020-09-07 19:48:38.075  INFO 19832 --- [http-nio-8083-exec-4] c.O.controller.OrganizationController    : From organization service application organization controller get all department details
2020-09-07 19:48:38.076  INFO 19832 --- [http-nio-8083-exec-4] c.O.service.OrganizationService          : From organization service get all departments service
2020-09-07 19:48:41.281  INFO 19832 --- [http-nio-8083-exec-5] c.O.controller.OrganizationController    : From organization service application organization controller get all department details
2020-09-07 19:48:41.281  INFO 19832 --- [http-nio-8083-exec-5] c.O.service.OrganizationService          : From organization service get all departments service
2020-09-07 19:48:50.805  INFO 19832 --- [http-nio-8083-exec-6] c.O.controller.OrganizationController    : From organization service application organization controller delete department
2020-09-07 19:48:50.805  INFO 19832 --- [http-nio-8083-exec-6] c.O.service.OrganizationService          : From organization service delete department service
2020-09-07 19:48:50.910  INFO 19832 --- [http-nio-8083-exec-7] c.O.controller.OrganizationController    : From organization service application organization controller get all department details
2020-09-07 19:48:50.910  INFO 19832 --- [http-nio-8083-exec-7] c.O.service.OrganizationService          : From organization service get all departments service
2020-09-07 19:48:53.750  INFO 19832 --- [http-nio-8083-exec-8] c.O.controller.OrganizationController    : From organization service application organization controller get all department details
2020-09-07 19:48:53.752  INFO 19832 --- [http-nio-8083-exec-8] c.O.service.OrganizationService          : From organization service get all departments service
2020-09-07 19:48:57.833  INFO 19832 --- [http-nio-8083-exec-9] c.O.controller.OrganizationController    : From organization service application organization controller get all department details
2020-09-07 19:48:57.834  INFO 19832 --- [http-nio-8083-exec-9] c.O.service.OrganizationService          : From organization service get all departments service
2020-09-07 19:48:57.860  INFO 19832 --- [http-nio-8083-exec-10] c.O.controller.OrganizationController    : From organization service application organization controller get all department details
2020-09-07 19:48:57.860  INFO 19832 --- [http-nio-8083-exec-10] c.O.service.OrganizationService          : From organization service get all departments service
2020-09-07 19:48:57.877  INFO 19832 --- [http-nio-8083-exec-1] c.O.controller.OrganizationController    : From organization service application organization controller get employee by id
2020-09-07 19:48:57.877  INFO 19832 --- [http-nio-8083-exec-1] c.O.service.OrganizationService          : From organization service get employees by department id service
2020-09-07 19:48:59.917  INFO 19832 --- [http-nio-8083-exec-2] c.O.controller.OrganizationController    : From organization service application organization controller get all department details
2020-09-07 19:48:59.918  INFO 19832 --- [http-nio-8083-exec-2] c.O.service.OrganizationService          : From organization service get all departments service
2020-09-07 19:48:59.935  INFO 19832 --- [http-nio-8083-exec-3] c.O.controller.OrganizationController    : From organization service application organization controller get employee by id
2020-09-07 19:48:59.935  INFO 19832 --- [http-nio-8083-exec-3] c.O.service.OrganizationService          : From organization service get employees by department id service
2020-09-07 19:49:05.194  INFO 19832 --- [http-nio-8083-exec-4] c.O.controller.OrganizationController    : From organization service application organization controller get all department details
2020-09-07 19:49:05.194  INFO 19832 --- [http-nio-8083-exec-4] c.O.service.OrganizationService          : From organization service get all departments service
2020-09-07 19:49:05.218  INFO 19832 --- [http-nio-8083-exec-5] c.O.controller.OrganizationController    : From organization service application organization controller get all department details
2020-09-07 19:49:05.218  INFO 19832 --- [http-nio-8083-exec-5] c.O.service.OrganizationService          : From organization service get all departments service
2020-09-07 19:49:05.235  INFO 19832 --- [http-nio-8083-exec-6] c.O.controller.OrganizationController    : From organization service application organization controller get employee by id
2020-09-07 19:49:05.235  INFO 19832 --- [http-nio-8083-exec-6] c.O.service.OrganizationService          : From organization service get employees by department id service
2020-09-07 19:49:36.224  INFO 19832 --- [http-nio-8083-exec-7] c.O.controller.OrganizationController    : From organization service application organization controller adding new employee
2020-09-07 19:49:36.225  INFO 19832 --- [http-nio-8083-exec-7] c.O.service.OrganizationService          : From organization service adding new employee service
2020-09-07 19:49:36.391  INFO 19832 --- [http-nio-8083-exec-8] c.O.controller.OrganizationController    : From organization service application organization controller get all department details
2020-09-07 19:49:36.392  INFO 19832 --- [http-nio-8083-exec-8] c.O.service.OrganizationService          : From organization service get all departments service
2020-09-07 19:49:36.436  INFO 19832 --- [http-nio-8083-exec-9] c.O.controller.OrganizationController    : From organization service application organization controller get employee by id
2020-09-07 19:49:36.437  INFO 19832 --- [http-nio-8083-exec-9] c.O.service.OrganizationService          : From organization service get employees by department id service
2020-09-07 19:49:40.817  INFO 19832 --- [http-nio-8083-exec-10] c.O.controller.OrganizationController    : From organization service application organization controller get all department details
2020-09-07 19:49:40.817  INFO 19832 --- [http-nio-8083-exec-10] c.O.service.OrganizationService          : From organization service get all departments service
2020-09-07 19:49:40.849  INFO 19832 --- [http-nio-8083-exec-1] c.O.controller.OrganizationController    : From organization service application organization controller get all department details
2020-09-07 19:49:40.850  INFO 19832 --- [http-nio-8083-exec-1] c.O.service.OrganizationService          : From organization service get all departments service
2020-09-07 19:49:40.865  INFO 19832 --- [http-nio-8083-exec-2] c.O.controller.OrganizationController    : From organization service application organization controller get employee by id
2020-09-07 19:49:40.865  INFO 19832 --- [http-nio-8083-exec-2] c.O.service.OrganizationService          : From organization service get employees by department id service
2020-09-07 19:49:50.562  INFO 19832 --- [http-nio-8083-exec-3] c.O.controller.OrganizationController    : From organization service application organization controller updating employee details
2020-09-07 19:49:50.562  INFO 19832 --- [http-nio-8083-exec-3] c.O.service.OrganizationService          : From organization service update employee service
2020-09-07 19:49:50.832  INFO 19832 --- [http-nio-8083-exec-4] c.O.controller.OrganizationController    : From organization service application organization controller get all department details
2020-09-07 19:49:50.832  INFO 19832 --- [http-nio-8083-exec-4] c.O.service.OrganizationService          : From organization service get all departments service
2020-09-07 19:49:50.864  INFO 19832 --- [http-nio-8083-exec-5] c.O.controller.OrganizationController    : From organization service application organization controller get employee by id
2020-09-07 19:49:50.864  INFO 19832 --- [http-nio-8083-exec-5] c.O.service.OrganizationService          : From organization service get employees by department id service
2020-09-07 19:49:55.631  INFO 19832 --- [http-nio-8083-exec-6] c.O.controller.OrganizationController    : From organization service application organization controller delete employee
2020-09-07 19:49:55.632  INFO 19832 --- [http-nio-8083-exec-6] c.O.service.OrganizationService          : From organization service delete employee service
2020-09-07 19:49:55.717  INFO 19832 --- [http-nio-8083-exec-7] c.O.controller.OrganizationController    : From organization service application organization controller get all department details
2020-09-07 19:49:55.717  INFO 19832 --- [http-nio-8083-exec-7] c.O.service.OrganizationService          : From organization service get all departments service
2020-09-07 19:49:55.740  INFO 19832 --- [http-nio-8083-exec-8] c.O.controller.OrganizationController    : From organization service application organization controller get employee by id
2020-09-07 19:49:55.740  INFO 19832 --- [http-nio-8083-exec-8] c.O.service.OrganizationService          : From organization service get employees by department id service
2020-09-07 19:50:47.727  INFO 19832 --- [http-nio-8083-exec-9] c.O.controller.OrganizationController    : From organization service application organization controller get all department details
2020-09-07 19:50:47.727  INFO 19832 --- [http-nio-8083-exec-9] c.O.service.OrganizationService          : From organization service get all departments service
2020-09-07 19:50:50.869  INFO 19832 --- [http-nio-8083-exec-10] c.O.controller.OrganizationController    : From organization service application organization controller get all department details
2020-09-07 19:50:50.870  INFO 19832 --- [http-nio-8083-exec-10] c.O.service.OrganizationService          : From organization service get all departments service
2020-09-07 19:51:53.278  INFO 19832 --- [http-nio-8083-exec-1] c.O.controller.OrganizationController    : From organization service application organization controller get all department details
2020-09-07 19:51:53.278  INFO 19832 --- [http-nio-8083-exec-1] c.O.service.OrganizationService          : From organization service get all departments service
2020-09-07 19:51:54.314 ERROR 19832 --- [http-nio-8083-exec-1] o.a.c.c.C.[.[.[/].[dispatcherServlet]    : Servlet.service() for servlet [dispatcherServlet] in context with path [] threw exception [Request processing failed; nested exception is org.springframework.web.client.ResourceAccessException: I/O error on GET request for "http://department-service/dept": Connection refused: connect; nested exception is java.net.ConnectException: Connection refused: connect] with root cause

java.net.ConnectException: Connection refused: connect
	at java.net.DualStackPlainSocketImpl.connect0(Native Method) ~[na:1.8.0_201]
	at java.net.DualStackPlainSocketImpl.socketConnect(Unknown Source) ~[na:1.8.0_201]
	at java.net.AbstractPlainSocketImpl.doConnect(Unknown Source) ~[na:1.8.0_201]
	at java.net.AbstractPlainSocketImpl.connectToAddress(Unknown Source) ~[na:1.8.0_201]
	at java.net.AbstractPlainSocketImpl.connect(Unknown Source) ~[na:1.8.0_201]
	at java.net.PlainSocketImpl.connect(Unknown Source) ~[na:1.8.0_201]
	at java.net.SocksSocketImpl.connect(Unknown Source) ~[na:1.8.0_201]
	at java.net.Socket.connect(Unknown Source) ~[na:1.8.0_201]
	at java.net.Socket.connect(Unknown Source) ~[na:1.8.0_201]
	at sun.net.NetworkClient.doConnect(Unknown Source) ~[na:1.8.0_201]
	at sun.net.www.http.HttpClient.openServer(Unknown Source) ~[na:1.8.0_201]
	at sun.net.www.http.HttpClient.openServer(Unknown Source) ~[na:1.8.0_201]
	at sun.net.www.http.HttpClient.<init>(Unknown Source) ~[na:1.8.0_201]
	at sun.net.www.http.HttpClient.New(Unknown Source) ~[na:1.8.0_201]
	at sun.net.www.http.HttpClient.New(Unknown Source) ~[na:1.8.0_201]
	at sun.net.www.protocol.http.HttpURLConnection.getNewHttpClient(Unknown Source) ~[na:1.8.0_201]
	at sun.net.www.protocol.http.HttpURLConnection.plainConnect0(Unknown Source) ~[na:1.8.0_201]
	at sun.net.www.protocol.http.HttpURLConnection.plainConnect(Unknown Source) ~[na:1.8.0_201]
	at sun.net.www.protocol.http.HttpURLConnection.connect(Unknown Source) ~[na:1.8.0_201]
	at org.springframework.http.client.SimpleBufferingClientHttpRequest.executeInternal(SimpleBufferingClientHttpRequest.java:76) ~[spring-web-5.2.8.RELEASE.jar:5.2.8.RELEASE]
	at org.springframework.http.client.AbstractBufferingClientHttpRequest.executeInternal(AbstractBufferingClientHttpRequest.java:48) ~[spring-web-5.2.8.RELEASE.jar:5.2.8.RELEASE]
	at org.springframework.http.client.AbstractClientHttpRequest.execute(AbstractClientHttpRequest.java:53) ~[spring-web-5.2.8.RELEASE.jar:5.2.8.RELEASE]
	at org.springframework.http.client.InterceptingClientHttpRequest$InterceptingRequestExecution.execute(InterceptingClientHttpRequest.java:109) ~[spring-web-5.2.8.RELEASE.jar:5.2.8.RELEASE]
	at org.springframework.cloud.client.loadbalancer.LoadBalancerRequestFactory.lambda$createRequest$0(LoadBalancerRequestFactory.java:59) ~[spring-cloud-commons-2.1.0.RELEASE.jar:2.1.0.RELEASE]
	at org.springframework.cloud.netflix.ribbon.RibbonLoadBalancerClient.execute(RibbonLoadBalancerClient.java:128) ~[spring-cloud-netflix-ribbon-2.1.0.RELEASE.jar:2.1.0.RELEASE]
	at org.springframework.cloud.netflix.ribbon.RibbonLoadBalancerClient.execute(RibbonLoadBalancerClient.java:110) ~[spring-cloud-netflix-ribbon-2.1.0.RELEASE.jar:2.1.0.RELEASE]
	at org.springframework.cloud.netflix.ribbon.RibbonLoadBalancerClient.execute(RibbonLoadBalancerClient.java:93) ~[spring-cloud-netflix-ribbon-2.1.0.RELEASE.jar:2.1.0.RELEASE]
	at org.springframework.cloud.client.loadbalancer.LoadBalancerInterceptor.intercept(LoadBalancerInterceptor.java:55) ~[spring-cloud-commons-2.1.0.RELEASE.jar:2.1.0.RELEASE]
	at org.springframework.http.client.InterceptingClientHttpRequest$InterceptingRequestExecution.execute(InterceptingClientHttpRequest.java:93) ~[spring-web-5.2.8.RELEASE.jar:5.2.8.RELEASE]
	at org.springframework.http.client.InterceptingClientHttpRequest.executeInternal(InterceptingClientHttpRequest.java:77) ~[spring-web-5.2.8.RELEASE.jar:5.2.8.RELEASE]
	at org.springframework.http.client.AbstractBufferingClientHttpRequest.executeInternal(AbstractBufferingClientHttpRequest.java:48) ~[spring-web-5.2.8.RELEASE.jar:5.2.8.RELEASE]
	at org.springframework.http.client.AbstractClientHttpRequest.execute(AbstractClientHttpRequest.java:53) ~[spring-web-5.2.8.RELEASE.jar:5.2.8.RELEASE]
	at org.springframework.web.client.RestTemplate.doExecute(RestTemplate.java:739) ~[spring-web-5.2.8.RELEASE.jar:5.2.8.RELEASE]
	at org.springframework.web.client.RestTemplate.execute(RestTemplate.java:674) ~[spring-web-5.2.8.RELEASE.jar:5.2.8.RELEASE]
	at org.springframework.web.client.RestTemplate.getForObject(RestTemplate.java:315) ~[spring-web-5.2.8.RELEASE.jar:5.2.8.RELEASE]
	at com.Organization_Service.service.OrganizationService.getAllDepartments(OrganizationService.java:24) ~[classes/:na]
	at com.Organization_Service.controller.OrganizationController.getAllDepartments(OrganizationController.java:34) ~[classes/:na]
	at sun.reflect.GeneratedMethodAccessor84.invoke(Unknown Source) ~[na:na]
	at sun.reflect.DelegatingMethodAccessorImpl.invoke(Unknown Source) ~[na:1.8.0_201]
	at java.lang.reflect.Method.invoke(Unknown Source) ~[na:1.8.0_201]
	at org.springframework.web.method.support.InvocableHandlerMethod.doInvoke(InvocableHandlerMethod.java:190) ~[spring-web-5.2.8.RELEASE.jar:5.2.8.RELEASE]
	at org.springframework.web.method.support.InvocableHandlerMethod.invokeForRequest(InvocableHandlerMethod.java:138) ~[spring-web-5.2.8.RELEASE.jar:5.2.8.RELEASE]
	at org.springframework.web.servlet.mvc.method.annotation.ServletInvocableHandlerMethod.invokeAndHandle(ServletInvocableHandlerMethod.java:105) ~[spring-webmvc-5.2.8.RELEASE.jar:5.2.8.RELEASE]
	at org.springframework.web.servlet.mvc.method.annotation.RequestMappingHandlerAdapter.invokeHandlerMethod(RequestMappingHandlerAdapter.java:878) ~[spring-webmvc-5.2.8.RELEASE.jar:5.2.8.RELEASE]
	at org.springframework.web.servlet.mvc.method.annotation.RequestMappingHandlerAdapter.handleInternal(RequestMappingHandlerAdapter.java:792) ~[spring-webmvc-5.2.8.RELEASE.jar:5.2.8.RELEASE]
	at org.springframework.web.servlet.mvc.method.AbstractHandlerMethodAdapter.handle(AbstractHandlerMethodAdapter.java:87) ~[spring-webmvc-5.2.8.RELEASE.jar:5.2.8.RELEASE]
	at org.springframework.web.servlet.DispatcherServlet.doDispatch(DispatcherServlet.java:1040) ~[spring-webmvc-5.2.8.RELEASE.jar:5.2.8.RELEASE]
	at org.springframework.web.servlet.DispatcherServlet.doService(DispatcherServlet.java:943) ~[spring-webmvc-5.2.8.RELEASE.jar:5.2.8.RELEASE]
	at org.springframework.web.servlet.FrameworkServlet.processRequest(FrameworkServlet.java:1006) ~[spring-webmvc-5.2.8.RELEASE.jar:5.2.8.RELEASE]
	at org.springframework.web.servlet.FrameworkServlet.doGet(FrameworkServlet.java:898) ~[spring-webmvc-5.2.8.RELEASE.jar:5.2.8.RELEASE]
	at javax.servlet.http.HttpServlet.service(HttpServlet.java:626) ~[tomcat-embed-core-9.0.37.jar:4.0.FR]
	at org.springframework.web.servlet.FrameworkServlet.service(FrameworkServlet.java:883) ~[spring-webmvc-5.2.8.RELEASE.jar:5.2.8.RELEASE]
	at javax.servlet.http.HttpServlet.service(HttpServlet.java:733) ~[tomcat-embed-core-9.0.37.jar:4.0.FR]
	at org.apache.catalina.core.ApplicationFilterChain.internalDoFilter(ApplicationFilterChain.java:231) ~[tomcat-embed-core-9.0.37.jar:9.0.37]
	at org.apache.catalina.core.ApplicationFilterChain.doFilter(ApplicationFilterChain.java:166) ~[tomcat-embed-core-9.0.37.jar:9.0.37]
	at org.apache.tomcat.websocket.server.WsFilter.doFilter(WsFilter.java:53) ~[tomcat-embed-websocket-9.0.37.jar:9.0.37]
	at org.apache.catalina.core.ApplicationFilterChain.internalDoFilter(ApplicationFilterChain.java:193) ~[tomcat-embed-core-9.0.37.jar:9.0.37]
	at org.apache.catalina.core.ApplicationFilterChain.doFilter(ApplicationFilterChain.java:166) ~[tomcat-embed-core-9.0.37.jar:9.0.37]
	at org.springframework.web.filter.RequestContextFilter.doFilterInternal(RequestContextFilter.java:100) ~[spring-web-5.2.8.RELEASE.jar:5.2.8.RELEASE]
	at org.springframework.web.filter.OncePerRequestFilter.doFilter(OncePerRequestFilter.java:119) ~[spring-web-5.2.8.RELEASE.jar:5.2.8.RELEASE]
	at org.apache.catalina.core.ApplicationFilterChain.internalDoFilter(ApplicationFilterChain.java:193) ~[tomcat-embed-core-9.0.37.jar:9.0.37]
	at org.apache.catalina.core.ApplicationFilterChain.doFilter(ApplicationFilterChain.java:166) ~[tomcat-embed-core-9.0.37.jar:9.0.37]
	at org.springframework.web.filter.FormContentFilter.doFilterInternal(FormContentFilter.java:93) ~[spring-web-5.2.8.RELEASE.jar:5.2.8.RELEASE]
	at org.springframework.web.filter.OncePerRequestFilter.doFilter(OncePerRequestFilter.java:119) ~[spring-web-5.2.8.RELEASE.jar:5.2.8.RELEASE]
	at org.apache.catalina.core.ApplicationFilterChain.internalDoFilter(ApplicationFilterChain.java:193) ~[tomcat-embed-core-9.0.37.jar:9.0.37]
	at org.apache.catalina.core.ApplicationFilterChain.doFilter(ApplicationFilterChain.java:166) ~[tomcat-embed-core-9.0.37.jar:9.0.37]
	at org.springframework.web.filter.CharacterEncodingFilter.doFilterInternal(CharacterEncodingFilter.java:201) ~[spring-web-5.2.8.RELEASE.jar:5.2.8.RELEASE]
	at org.springframework.web.filter.OncePerRequestFilter.doFilter(OncePerRequestFilter.java:119) ~[spring-web-5.2.8.RELEASE.jar:5.2.8.RELEASE]
	at org.apache.catalina.core.ApplicationFilterChain.internalDoFilter(ApplicationFilterChain.java:193) ~[tomcat-embed-core-9.0.37.jar:9.0.37]
	at org.apache.catalina.core.ApplicationFilterChain.doFilter(ApplicationFilterChain.java:166) ~[tomcat-embed-core-9.0.37.jar:9.0.37]
	at org.apache.catalina.core.StandardWrapperValve.invoke(StandardWrapperValve.java:202) ~[tomcat-embed-core-9.0.37.jar:9.0.37]
	at org.apache.catalina.core.StandardContextValve.invoke(StandardContextValve.java:96) [tomcat-embed-core-9.0.37.jar:9.0.37]
	at org.apache.catalina.authenticator.AuthenticatorBase.invoke(AuthenticatorBase.java:541) [tomcat-embed-core-9.0.37.jar:9.0.37]
	at org.apache.catalina.core.StandardHostValve.invoke(StandardHostValve.java:139) [tomcat-embed-core-9.0.37.jar:9.0.37]
	at org.apache.catalina.valves.ErrorReportValve.invoke(ErrorReportValve.java:92) [tomcat-embed-core-9.0.37.jar:9.0.37]
	at org.apache.catalina.core.StandardEngineValve.invoke(StandardEngineValve.java:74) [tomcat-embed-core-9.0.37.jar:9.0.37]
	at org.apache.catalina.connector.CoyoteAdapter.service(CoyoteAdapter.java:343) [tomcat-embed-core-9.0.37.jar:9.0.37]
	at org.apache.coyote.http11.Http11Processor.service(Http11Processor.java:373) [tomcat-embed-core-9.0.37.jar:9.0.37]
	at org.apache.coyote.AbstractProcessorLight.process(AbstractProcessorLight.java:65) [tomcat-embed-core-9.0.37.jar:9.0.37]
	at org.apache.coyote.AbstractProtocol$ConnectionHandler.process(AbstractProtocol.java:868) [tomcat-embed-core-9.0.37.jar:9.0.37]
	at org.apache.tomcat.util.net.NioEndpoint$SocketProcessor.doRun(NioEndpoint.java:1589) [tomcat-embed-core-9.0.37.jar:9.0.37]
	at org.apache.tomcat.util.net.SocketProcessorBase.run(SocketProcessorBase.java:49) [tomcat-embed-core-9.0.37.jar:9.0.37]
	at java.util.concurrent.ThreadPoolExecutor.runWorker(Unknown Source) [na:1.8.0_201]
	at java.util.concurrent.ThreadPoolExecutor$Worker.run(Unknown Source) [na:1.8.0_201]
	at org.apache.tomcat.util.threads.TaskThread$WrappingRunnable.run(TaskThread.java:61) [tomcat-embed-core-9.0.37.jar:9.0.37]
	at java.lang.Thread.run(Unknown Source) [na:1.8.0_201]

2020-09-07 19:52:07.997  INFO 19832 --- [http-nio-8083-exec-2] c.O.controller.OrganizationController    : From organization service application organization controller get all department details
2020-09-07 19:52:07.997  INFO 19832 --- [http-nio-8083-exec-2] c.O.service.OrganizationService          : From organization service get all departments service
2020-09-07 19:52:09.159 ERROR 19832 --- [http-nio-8083-exec-2] o.a.c.c.C.[.[.[/].[dispatcherServlet]    : Servlet.service() for servlet [dispatcherServlet] in context with path [] threw exception [Request processing failed; nested exception is org.springframework.web.client.ResourceAccessException: I/O error on GET request for "http://department-service/dept": Connection refused: connect; nested exception is java.net.ConnectException: Connection refused: connect] with root cause

java.net.ConnectException: Connection refused: connect
	at java.net.DualStackPlainSocketImpl.connect0(Native Method) ~[na:1.8.0_201]
	at java.net.DualStackPlainSocketImpl.socketConnect(Unknown Source) ~[na:1.8.0_201]
	at java.net.AbstractPlainSocketImpl.doConnect(Unknown Source) ~[na:1.8.0_201]
	at java.net.AbstractPlainSocketImpl.connectToAddress(Unknown Source) ~[na:1.8.0_201]
	at java.net.AbstractPlainSocketImpl.connect(Unknown Source) ~[na:1.8.0_201]
	at java.net.PlainSocketImpl.connect(Unknown Source) ~[na:1.8.0_201]
	at java.net.SocksSocketImpl.connect(Unknown Source) ~[na:1.8.0_201]
	at java.net.Socket.connect(Unknown Source) ~[na:1.8.0_201]
	at java.net.Socket.connect(Unknown Source) ~[na:1.8.0_201]
	at sun.net.NetworkClient.doConnect(Unknown Source) ~[na:1.8.0_201]
	at sun.net.www.http.HttpClient.openServer(Unknown Source) ~[na:1.8.0_201]
	at sun.net.www.http.HttpClient.openServer(Unknown Source) ~[na:1.8.0_201]
	at sun.net.www.http.HttpClient.<init>(Unknown Source) ~[na:1.8.0_201]
	at sun.net.www.http.HttpClient.New(Unknown Source) ~[na:1.8.0_201]
	at sun.net.www.http.HttpClient.New(Unknown Source) ~[na:1.8.0_201]
	at sun.net.www.protocol.http.HttpURLConnection.getNewHttpClient(Unknown Source) ~[na:1.8.0_201]
	at sun.net.www.protocol.http.HttpURLConnection.plainConnect0(Unknown Source) ~[na:1.8.0_201]
	at sun.net.www.protocol.http.HttpURLConnection.plainConnect(Unknown Source) ~[na:1.8.0_201]
	at sun.net.www.protocol.http.HttpURLConnection.connect(Unknown Source) ~[na:1.8.0_201]
	at org.springframework.http.client.SimpleBufferingClientHttpRequest.executeInternal(SimpleBufferingClientHttpRequest.java:76) ~[spring-web-5.2.8.RELEASE.jar:5.2.8.RELEASE]
	at org.springframework.http.client.AbstractBufferingClientHttpRequest.executeInternal(AbstractBufferingClientHttpRequest.java:48) ~[spring-web-5.2.8.RELEASE.jar:5.2.8.RELEASE]
	at org.springframework.http.client.AbstractClientHttpRequest.execute(AbstractClientHttpRequest.java:53) ~[spring-web-5.2.8.RELEASE.jar:5.2.8.RELEASE]
	at org.springframework.http.client.InterceptingClientHttpRequest$InterceptingRequestExecution.execute(InterceptingClientHttpRequest.java:109) ~[spring-web-5.2.8.RELEASE.jar:5.2.8.RELEASE]
	at org.springframework.cloud.client.loadbalancer.LoadBalancerRequestFactory.lambda$createRequest$0(LoadBalancerRequestFactory.java:59) ~[spring-cloud-commons-2.1.0.RELEASE.jar:2.1.0.RELEASE]
	at org.springframework.cloud.netflix.ribbon.RibbonLoadBalancerClient.execute(RibbonLoadBalancerClient.java:128) ~[spring-cloud-netflix-ribbon-2.1.0.RELEASE.jar:2.1.0.RELEASE]
	at org.springframework.cloud.netflix.ribbon.RibbonLoadBalancerClient.execute(RibbonLoadBalancerClient.java:110) ~[spring-cloud-netflix-ribbon-2.1.0.RELEASE.jar:2.1.0.RELEASE]
	at org.springframework.cloud.netflix.ribbon.RibbonLoadBalancerClient.execute(RibbonLoadBalancerClient.java:93) ~[spring-cloud-netflix-ribbon-2.1.0.RELEASE.jar:2.1.0.RELEASE]
	at org.springframework.cloud.client.loadbalancer.LoadBalancerInterceptor.intercept(LoadBalancerInterceptor.java:55) ~[spring-cloud-commons-2.1.0.RELEASE.jar:2.1.0.RELEASE]
	at org.springframework.http.client.InterceptingClientHttpRequest$InterceptingRequestExecution.execute(InterceptingClientHttpRequest.java:93) ~[spring-web-5.2.8.RELEASE.jar:5.2.8.RELEASE]
	at org.springframework.http.client.InterceptingClientHttpRequest.executeInternal(InterceptingClientHttpRequest.java:77) ~[spring-web-5.2.8.RELEASE.jar:5.2.8.RELEASE]
	at org.springframework.http.client.AbstractBufferingClientHttpRequest.executeInternal(AbstractBufferingClientHttpRequest.java:48) ~[spring-web-5.2.8.RELEASE.jar:5.2.8.RELEASE]
	at org.springframework.http.client.AbstractClientHttpRequest.execute(AbstractClientHttpRequest.java:53) ~[spring-web-5.2.8.RELEASE.jar:5.2.8.RELEASE]
	at org.springframework.web.client.RestTemplate.doExecute(RestTemplate.java:739) ~[spring-web-5.2.8.RELEASE.jar:5.2.8.RELEASE]
	at org.springframework.web.client.RestTemplate.execute(RestTemplate.java:674) ~[spring-web-5.2.8.RELEASE.jar:5.2.8.RELEASE]
	at org.springframework.web.client.RestTemplate.getForObject(RestTemplate.java:315) ~[spring-web-5.2.8.RELEASE.jar:5.2.8.RELEASE]
	at com.Organization_Service.service.OrganizationService.getAllDepartments(OrganizationService.java:24) ~[classes/:na]
	at com.Organization_Service.controller.OrganizationController.getAllDepartments(OrganizationController.java:34) ~[classes/:na]
	at sun.reflect.GeneratedMethodAccessor84.invoke(Unknown Source) ~[na:na]
	at sun.reflect.DelegatingMethodAccessorImpl.invoke(Unknown Source) ~[na:1.8.0_201]
	at java.lang.reflect.Method.invoke(Unknown Source) ~[na:1.8.0_201]
	at org.springframework.web.method.support.InvocableHandlerMethod.doInvoke(InvocableHandlerMethod.java:190) ~[spring-web-5.2.8.RELEASE.jar:5.2.8.RELEASE]
	at org.springframework.web.method.support.InvocableHandlerMethod.invokeForRequest(InvocableHandlerMethod.java:138) ~[spring-web-5.2.8.RELEASE.jar:5.2.8.RELEASE]
	at org.springframework.web.servlet.mvc.method.annotation.ServletInvocableHandlerMethod.invokeAndHandle(ServletInvocableHandlerMethod.java:105) ~[spring-webmvc-5.2.8.RELEASE.jar:5.2.8.RELEASE]
	at org.springframework.web.servlet.mvc.method.annotation.RequestMappingHandlerAdapter.invokeHandlerMethod(RequestMappingHandlerAdapter.java:878) ~[spring-webmvc-5.2.8.RELEASE.jar:5.2.8.RELEASE]
	at org.springframework.web.servlet.mvc.method.annotation.RequestMappingHandlerAdapter.handleInternal(RequestMappingHandlerAdapter.java:792) ~[spring-webmvc-5.2.8.RELEASE.jar:5.2.8.RELEASE]
	at org.springframework.web.servlet.mvc.method.AbstractHandlerMethodAdapter.handle(AbstractHandlerMethodAdapter.java:87) ~[spring-webmvc-5.2.8.RELEASE.jar:5.2.8.RELEASE]
	at org.springframework.web.servlet.DispatcherServlet.doDispatch(DispatcherServlet.java:1040) ~[spring-webmvc-5.2.8.RELEASE.jar:5.2.8.RELEASE]
	at org.springframework.web.servlet.DispatcherServlet.doService(DispatcherServlet.java:943) ~[spring-webmvc-5.2.8.RELEASE.jar:5.2.8.RELEASE]
	at org.springframework.web.servlet.FrameworkServlet.processRequest(FrameworkServlet.java:1006) ~[spring-webmvc-5.2.8.RELEASE.jar:5.2.8.RELEASE]
	at org.springframework.web.servlet.FrameworkServlet.doGet(FrameworkServlet.java:898) ~[spring-webmvc-5.2.8.RELEASE.jar:5.2.8.RELEASE]
	at javax.servlet.http.HttpServlet.service(HttpServlet.java:626) ~[tomcat-embed-core-9.0.37.jar:4.0.FR]
	at org.springframework.web.servlet.FrameworkServlet.service(FrameworkServlet.java:883) ~[spring-webmvc-5.2.8.RELEASE.jar:5.2.8.RELEASE]
	at javax.servlet.http.HttpServlet.service(HttpServlet.java:733) ~[tomcat-embed-core-9.0.37.jar:4.0.FR]
	at org.apache.catalina.core.ApplicationFilterChain.internalDoFilter(ApplicationFilterChain.java:231) ~[tomcat-embed-core-9.0.37.jar:9.0.37]
	at org.apache.catalina.core.ApplicationFilterChain.doFilter(ApplicationFilterChain.java:166) ~[tomcat-embed-core-9.0.37.jar:9.0.37]
	at org.apache.tomcat.websocket.server.WsFilter.doFilter(WsFilter.java:53) ~[tomcat-embed-websocket-9.0.37.jar:9.0.37]
	at org.apache.catalina.core.ApplicationFilterChain.internalDoFilter(ApplicationFilterChain.java:193) ~[tomcat-embed-core-9.0.37.jar:9.0.37]
	at org.apache.catalina.core.ApplicationFilterChain.doFilter(ApplicationFilterChain.java:166) ~[tomcat-embed-core-9.0.37.jar:9.0.37]
	at org.springframework.web.filter.RequestContextFilter.doFilterInternal(RequestContextFilter.java:100) ~[spring-web-5.2.8.RELEASE.jar:5.2.8.RELEASE]
	at org.springframework.web.filter.OncePerRequestFilter.doFilter(OncePerRequestFilter.java:119) ~[spring-web-5.2.8.RELEASE.jar:5.2.8.RELEASE]
	at org.apache.catalina.core.ApplicationFilterChain.internalDoFilter(ApplicationFilterChain.java:193) ~[tomcat-embed-core-9.0.37.jar:9.0.37]
	at org.apache.catalina.core.ApplicationFilterChain.doFilter(ApplicationFilterChain.java:166) ~[tomcat-embed-core-9.0.37.jar:9.0.37]
	at org.springframework.web.filter.FormContentFilter.doFilterInternal(FormContentFilter.java:93) ~[spring-web-5.2.8.RELEASE.jar:5.2.8.RELEASE]
	at org.springframework.web.filter.OncePerRequestFilter.doFilter(OncePerRequestFilter.java:119) ~[spring-web-5.2.8.RELEASE.jar:5.2.8.RELEASE]
	at org.apache.catalina.core.ApplicationFilterChain.internalDoFilter(ApplicationFilterChain.java:193) ~[tomcat-embed-core-9.0.37.jar:9.0.37]
	at org.apache.catalina.core.ApplicationFilterChain.doFilter(ApplicationFilterChain.java:166) ~[tomcat-embed-core-9.0.37.jar:9.0.37]
	at org.springframework.web.filter.CharacterEncodingFilter.doFilterInternal(CharacterEncodingFilter.java:201) ~[spring-web-5.2.8.RELEASE.jar:5.2.8.RELEASE]
	at org.springframework.web.filter.OncePerRequestFilter.doFilter(OncePerRequestFilter.java:119) ~[spring-web-5.2.8.RELEASE.jar:5.2.8.RELEASE]
	at org.apache.catalina.core.ApplicationFilterChain.internalDoFilter(ApplicationFilterChain.java:193) ~[tomcat-embed-core-9.0.37.jar:9.0.37]
	at org.apache.catalina.core.ApplicationFilterChain.doFilter(ApplicationFilterChain.java:166) ~[tomcat-embed-core-9.0.37.jar:9.0.37]
	at org.apache.catalina.core.StandardWrapperValve.invoke(StandardWrapperValve.java:202) ~[tomcat-embed-core-9.0.37.jar:9.0.37]
	at org.apache.catalina.core.StandardContextValve.invoke(StandardContextValve.java:96) [tomcat-embed-core-9.0.37.jar:9.0.37]
	at org.apache.catalina.authenticator.AuthenticatorBase.invoke(AuthenticatorBase.java:541) [tomcat-embed-core-9.0.37.jar:9.0.37]
	at org.apache.catalina.core.StandardHostValve.invoke(StandardHostValve.java:139) [tomcat-embed-core-9.0.37.jar:9.0.37]
	at org.apache.catalina.valves.ErrorReportValve.invoke(ErrorReportValve.java:92) [tomcat-embed-core-9.0.37.jar:9.0.37]
	at org.apache.catalina.core.StandardEngineValve.invoke(StandardEngineValve.java:74) [tomcat-embed-core-9.0.37.jar:9.0.37]
	at org.apache.catalina.connector.CoyoteAdapter.service(CoyoteAdapter.java:343) [tomcat-embed-core-9.0.37.jar:9.0.37]
	at org.apache.coyote.http11.Http11Processor.service(Http11Processor.java:373) [tomcat-embed-core-9.0.37.jar:9.0.37]
	at org.apache.coyote.AbstractProcessorLight.process(AbstractProcessorLight.java:65) [tomcat-embed-core-9.0.37.jar:9.0.37]
	at org.apache.coyote.AbstractProtocol$ConnectionHandler.process(AbstractProtocol.java:868) [tomcat-embed-core-9.0.37.jar:9.0.37]
	at org.apache.tomcat.util.net.NioEndpoint$SocketProcessor.doRun(NioEndpoint.java:1589) [tomcat-embed-core-9.0.37.jar:9.0.37]
	at org.apache.tomcat.util.net.SocketProcessorBase.run(SocketProcessorBase.java:49) [tomcat-embed-core-9.0.37.jar:9.0.37]
	at java.util.concurrent.ThreadPoolExecutor.runWorker(Unknown Source) [na:1.8.0_201]
	at java.util.concurrent.ThreadPoolExecutor$Worker.run(Unknown Source) [na:1.8.0_201]
	at org.apache.tomcat.util.threads.TaskThread$WrappingRunnable.run(TaskThread.java:61) [tomcat-embed-core-9.0.37.jar:9.0.37]
	at java.lang.Thread.run(Unknown Source) [na:1.8.0_201]

2020-09-07 19:52:11.100  INFO 19832 --- [AsyncResolver-bootstrap-executor-0] c.n.d.s.r.aws.ConfigClusterResolver      : Resolving eureka endpoints via configuration
2020-09-07 19:52:18.767  INFO 19832 --- [http-nio-8083-exec-3] c.O.controller.OrganizationController    : From organization service application organization controller get all department details
2020-09-07 19:52:18.768  INFO 19832 --- [http-nio-8083-exec-3] c.O.service.OrganizationService          : From organization service get all departments service
2020-09-07 19:52:18.880 ERROR 19832 --- [http-nio-8083-exec-3] o.a.c.c.C.[.[.[/].[dispatcherServlet]    : Servlet.service() for servlet [dispatcherServlet] in context with path [] threw exception [Request processing failed; nested exception is java.lang.IllegalStateException: No instances available for department-service] with root cause

java.lang.IllegalStateException: No instances available for department-service
	at org.springframework.cloud.netflix.ribbon.RibbonLoadBalancerClient.execute(RibbonLoadBalancerClient.java:105) ~[spring-cloud-netflix-ribbon-2.1.0.RELEASE.jar:2.1.0.RELEASE]
	at org.springframework.cloud.netflix.ribbon.RibbonLoadBalancerClient.execute(RibbonLoadBalancerClient.java:93) ~[spring-cloud-netflix-ribbon-2.1.0.RELEASE.jar:2.1.0.RELEASE]
	at org.springframework.cloud.client.loadbalancer.LoadBalancerInterceptor.intercept(LoadBalancerInterceptor.java:55) ~[spring-cloud-commons-2.1.0.RELEASE.jar:2.1.0.RELEASE]
	at org.springframework.http.client.InterceptingClientHttpRequest$InterceptingRequestExecution.execute(InterceptingClientHttpRequest.java:93) ~[spring-web-5.2.8.RELEASE.jar:5.2.8.RELEASE]
	at org.springframework.http.client.InterceptingClientHttpRequest.executeInternal(InterceptingClientHttpRequest.java:77) ~[spring-web-5.2.8.RELEASE.jar:5.2.8.RELEASE]
	at org.springframework.http.client.AbstractBufferingClientHttpRequest.executeInternal(AbstractBufferingClientHttpRequest.java:48) ~[spring-web-5.2.8.RELEASE.jar:5.2.8.RELEASE]
	at org.springframework.http.client.AbstractClientHttpRequest.execute(AbstractClientHttpRequest.java:53) ~[spring-web-5.2.8.RELEASE.jar:5.2.8.RELEASE]
	at org.springframework.web.client.RestTemplate.doExecute(RestTemplate.java:739) ~[spring-web-5.2.8.RELEASE.jar:5.2.8.RELEASE]
	at org.springframework.web.client.RestTemplate.execute(RestTemplate.java:674) ~[spring-web-5.2.8.RELEASE.jar:5.2.8.RELEASE]
	at org.springframework.web.client.RestTemplate.getForObject(RestTemplate.java:315) ~[spring-web-5.2.8.RELEASE.jar:5.2.8.RELEASE]
	at com.Organization_Service.service.OrganizationService.getAllDepartments(OrganizationService.java:24) ~[classes/:na]
	at com.Organization_Service.controller.OrganizationController.getAllDepartments(OrganizationController.java:34) ~[classes/:na]
	at sun.reflect.GeneratedMethodAccessor84.invoke(Unknown Source) ~[na:na]
	at sun.reflect.DelegatingMethodAccessorImpl.invoke(Unknown Source) ~[na:1.8.0_201]
	at java.lang.reflect.Method.invoke(Unknown Source) ~[na:1.8.0_201]
	at org.springframework.web.method.support.InvocableHandlerMethod.doInvoke(InvocableHandlerMethod.java:190) ~[spring-web-5.2.8.RELEASE.jar:5.2.8.RELEASE]
	at org.springframework.web.method.support.InvocableHandlerMethod.invokeForRequest(InvocableHandlerMethod.java:138) ~[spring-web-5.2.8.RELEASE.jar:5.2.8.RELEASE]
	at org.springframework.web.servlet.mvc.method.annotation.ServletInvocableHandlerMethod.invokeAndHandle(ServletInvocableHandlerMethod.java:105) ~[spring-webmvc-5.2.8.RELEASE.jar:5.2.8.RELEASE]
	at org.springframework.web.servlet.mvc.method.annotation.RequestMappingHandlerAdapter.invokeHandlerMethod(RequestMappingHandlerAdapter.java:878) ~[spring-webmvc-5.2.8.RELEASE.jar:5.2.8.RELEASE]
	at org.springframework.web.servlet.mvc.method.annotation.RequestMappingHandlerAdapter.handleInternal(RequestMappingHandlerAdapter.java:792) ~[spring-webmvc-5.2.8.RELEASE.jar:5.2.8.RELEASE]
	at org.springframework.web.servlet.mvc.method.AbstractHandlerMethodAdapter.handle(AbstractHandlerMethodAdapter.java:87) ~[spring-webmvc-5.2.8.RELEASE.jar:5.2.8.RELEASE]
	at org.springframework.web.servlet.DispatcherServlet.doDispatch(DispatcherServlet.java:1040) ~[spring-webmvc-5.2.8.RELEASE.jar:5.2.8.RELEASE]
	at org.springframework.web.servlet.DispatcherServlet.doService(DispatcherServlet.java:943) ~[spring-webmvc-5.2.8.RELEASE.jar:5.2.8.RELEASE]
	at org.springframework.web.servlet.FrameworkServlet.processRequest(FrameworkServlet.java:1006) ~[spring-webmvc-5.2.8.RELEASE.jar:5.2.8.RELEASE]
	at org.springframework.web.servlet.FrameworkServlet.doGet(FrameworkServlet.java:898) ~[spring-webmvc-5.2.8.RELEASE.jar:5.2.8.RELEASE]
	at javax.servlet.http.HttpServlet.service(HttpServlet.java:626) ~[tomcat-embed-core-9.0.37.jar:4.0.FR]
	at org.springframework.web.servlet.FrameworkServlet.service(FrameworkServlet.java:883) ~[spring-webmvc-5.2.8.RELEASE.jar:5.2.8.RELEASE]
	at javax.servlet.http.HttpServlet.service(HttpServlet.java:733) ~[tomcat-embed-core-9.0.37.jar:4.0.FR]
	at org.apache.catalina.core.ApplicationFilterChain.internalDoFilter(ApplicationFilterChain.java:231) ~[tomcat-embed-core-9.0.37.jar:9.0.37]
	at org.apache.catalina.core.ApplicationFilterChain.doFilter(ApplicationFilterChain.java:166) ~[tomcat-embed-core-9.0.37.jar:9.0.37]
	at org.apache.tomcat.websocket.server.WsFilter.doFilter(WsFilter.java:53) ~[tomcat-embed-websocket-9.0.37.jar:9.0.37]
	at org.apache.catalina.core.ApplicationFilterChain.internalDoFilter(ApplicationFilterChain.java:193) ~[tomcat-embed-core-9.0.37.jar:9.0.37]
	at org.apache.catalina.core.ApplicationFilterChain.doFilter(ApplicationFilterChain.java:166) ~[tomcat-embed-core-9.0.37.jar:9.0.37]
	at org.springframework.web.filter.RequestContextFilter.doFilterInternal(RequestContextFilter.java:100) ~[spring-web-5.2.8.RELEASE.jar:5.2.8.RELEASE]
	at org.springframework.web.filter.OncePerRequestFilter.doFilter(OncePerRequestFilter.java:119) ~[spring-web-5.2.8.RELEASE.jar:5.2.8.RELEASE]
	at org.apache.catalina.core.ApplicationFilterChain.internalDoFilter(ApplicationFilterChain.java:193) ~[tomcat-embed-core-9.0.37.jar:9.0.37]
	at org.apache.catalina.core.ApplicationFilterChain.doFilter(ApplicationFilterChain.java:166) ~[tomcat-embed-core-9.0.37.jar:9.0.37]
	at org.springframework.web.filter.FormContentFilter.doFilterInternal(FormContentFilter.java:93) ~[spring-web-5.2.8.RELEASE.jar:5.2.8.RELEASE]
	at org.springframework.web.filter.OncePerRequestFilter.doFilter(OncePerRequestFilter.java:119) ~[spring-web-5.2.8.RELEASE.jar:5.2.8.RELEASE]
	at org.apache.catalina.core.ApplicationFilterChain.internalDoFilter(ApplicationFilterChain.java:193) ~[tomcat-embed-core-9.0.37.jar:9.0.37]
	at org.apache.catalina.core.ApplicationFilterChain.doFilter(ApplicationFilterChain.java:166) ~[tomcat-embed-core-9.0.37.jar:9.0.37]
	at org.springframework.web.filter.CharacterEncodingFilter.doFilterInternal(CharacterEncodingFilter.java:201) ~[spring-web-5.2.8.RELEASE.jar:5.2.8.RELEASE]
	at org.springframework.web.filter.OncePerRequestFilter.doFilter(OncePerRequestFilter.java:119) ~[spring-web-5.2.8.RELEASE.jar:5.2.8.RELEASE]
	at org.apache.catalina.core.ApplicationFilterChain.internalDoFilter(ApplicationFilterChain.java:193) ~[tomcat-embed-core-9.0.37.jar:9.0.37]
	at org.apache.catalina.core.ApplicationFilterChain.doFilter(ApplicationFilterChain.java:166) ~[tomcat-embed-core-9.0.37.jar:9.0.37]
	at org.apache.catalina.core.StandardWrapperValve.invoke(StandardWrapperValve.java:202) ~[tomcat-embed-core-9.0.37.jar:9.0.37]
	at org.apache.catalina.core.StandardContextValve.invoke(StandardContextValve.java:96) [tomcat-embed-core-9.0.37.jar:9.0.37]
	at org.apache.catalina.authenticator.AuthenticatorBase.invoke(AuthenticatorBase.java:541) [tomcat-embed-core-9.0.37.jar:9.0.37]
	at org.apache.catalina.core.StandardHostValve.invoke(StandardHostValve.java:139) [tomcat-embed-core-9.0.37.jar:9.0.37]
	at org.apache.catalina.valves.ErrorReportValve.invoke(ErrorReportValve.java:92) [tomcat-embed-core-9.0.37.jar:9.0.37]
	at org.apache.catalina.core.StandardEngineValve.invoke(StandardEngineValve.java:74) [tomcat-embed-core-9.0.37.jar:9.0.37]
	at org.apache.catalina.connector.CoyoteAdapter.service(CoyoteAdapter.java:343) [tomcat-embed-core-9.0.37.jar:9.0.37]
	at org.apache.coyote.http11.Http11Processor.service(Http11Processor.java:373) [tomcat-embed-core-9.0.37.jar:9.0.37]
	at org.apache.coyote.AbstractProcessorLight.process(AbstractProcessorLight.java:65) [tomcat-embed-core-9.0.37.jar:9.0.37]
	at org.apache.coyote.AbstractProtocol$ConnectionHandler.process(AbstractProtocol.java:868) [tomcat-embed-core-9.0.37.jar:9.0.37]
	at org.apache.tomcat.util.net.NioEndpoint$SocketProcessor.doRun(NioEndpoint.java:1589) [tomcat-embed-core-9.0.37.jar:9.0.37]
	at org.apache.tomcat.util.net.SocketProcessorBase.run(SocketProcessorBase.java:49) [tomcat-embed-core-9.0.37.jar:9.0.37]
	at java.util.concurrent.ThreadPoolExecutor.runWorker(Unknown Source) [na:1.8.0_201]
	at java.util.concurrent.ThreadPoolExecutor$Worker.run(Unknown Source) [na:1.8.0_201]
	at org.apache.tomcat.util.threads.TaskThread$WrappingRunnable.run(TaskThread.java:61) [tomcat-embed-core-9.0.37.jar:9.0.37]
	at java.lang.Thread.run(Unknown Source) [na:1.8.0_201]

2020-09-07 19:52:26.461  INFO 19832 --- [http-nio-8083-exec-4] c.O.controller.OrganizationController    : From organization service application organization controller get all department details
2020-09-07 19:52:26.462  INFO 19832 --- [http-nio-8083-exec-4] c.O.service.OrganizationService          : From organization service get all departments service
2020-09-07 19:52:26.470 ERROR 19832 --- [http-nio-8083-exec-4] o.a.c.c.C.[.[.[/].[dispatcherServlet]    : Servlet.service() for servlet [dispatcherServlet] in context with path [] threw exception [Request processing failed; nested exception is java.lang.IllegalStateException: No instances available for department-service] with root cause

java.lang.IllegalStateException: No instances available for department-service
	at org.springframework.cloud.netflix.ribbon.RibbonLoadBalancerClient.execute(RibbonLoadBalancerClient.java:105) ~[spring-cloud-netflix-ribbon-2.1.0.RELEASE.jar:2.1.0.RELEASE]
	at org.springframework.cloud.netflix.ribbon.RibbonLoadBalancerClient.execute(RibbonLoadBalancerClient.java:93) ~[spring-cloud-netflix-ribbon-2.1.0.RELEASE.jar:2.1.0.RELEASE]
	at org.springframework.cloud.client.loadbalancer.LoadBalancerInterceptor.intercept(LoadBalancerInterceptor.java:55) ~[spring-cloud-commons-2.1.0.RELEASE.jar:2.1.0.RELEASE]
	at org.springframework.http.client.InterceptingClientHttpRequest$InterceptingRequestExecution.execute(InterceptingClientHttpRequest.java:93) ~[spring-web-5.2.8.RELEASE.jar:5.2.8.RELEASE]
	at org.springframework.http.client.InterceptingClientHttpRequest.executeInternal(InterceptingClientHttpRequest.java:77) ~[spring-web-5.2.8.RELEASE.jar:5.2.8.RELEASE]
	at org.springframework.http.client.AbstractBufferingClientHttpRequest.executeInternal(AbstractBufferingClientHttpRequest.java:48) ~[spring-web-5.2.8.RELEASE.jar:5.2.8.RELEASE]
	at org.springframework.http.client.AbstractClientHttpRequest.execute(AbstractClientHttpRequest.java:53) ~[spring-web-5.2.8.RELEASE.jar:5.2.8.RELEASE]
	at org.springframework.web.client.RestTemplate.doExecute(RestTemplate.java:739) ~[spring-web-5.2.8.RELEASE.jar:5.2.8.RELEASE]
	at org.springframework.web.client.RestTemplate.execute(RestTemplate.java:674) ~[spring-web-5.2.8.RELEASE.jar:5.2.8.RELEASE]
	at org.springframework.web.client.RestTemplate.getForObject(RestTemplate.java:315) ~[spring-web-5.2.8.RELEASE.jar:5.2.8.RELEASE]
	at com.Organization_Service.service.OrganizationService.getAllDepartments(OrganizationService.java:24) ~[classes/:na]
	at com.Organization_Service.controller.OrganizationController.getAllDepartments(OrganizationController.java:34) ~[classes/:na]
	at sun.reflect.GeneratedMethodAccessor84.invoke(Unknown Source) ~[na:na]
	at sun.reflect.DelegatingMethodAccessorImpl.invoke(Unknown Source) ~[na:1.8.0_201]
	at java.lang.reflect.Method.invoke(Unknown Source) ~[na:1.8.0_201]
	at org.springframework.web.method.support.InvocableHandlerMethod.doInvoke(InvocableHandlerMethod.java:190) ~[spring-web-5.2.8.RELEASE.jar:5.2.8.RELEASE]
	at org.springframework.web.method.support.InvocableHandlerMethod.invokeForRequest(InvocableHandlerMethod.java:138) ~[spring-web-5.2.8.RELEASE.jar:5.2.8.RELEASE]
	at org.springframework.web.servlet.mvc.method.annotation.ServletInvocableHandlerMethod.invokeAndHandle(ServletInvocableHandlerMethod.java:105) ~[spring-webmvc-5.2.8.RELEASE.jar:5.2.8.RELEASE]
	at org.springframework.web.servlet.mvc.method.annotation.RequestMappingHandlerAdapter.invokeHandlerMethod(RequestMappingHandlerAdapter.java:878) ~[spring-webmvc-5.2.8.RELEASE.jar:5.2.8.RELEASE]
	at org.springframework.web.servlet.mvc.method.annotation.RequestMappingHandlerAdapter.handleInternal(RequestMappingHandlerAdapter.java:792) ~[spring-webmvc-5.2.8.RELEASE.jar:5.2.8.RELEASE]
	at org.springframework.web.servlet.mvc.method.AbstractHandlerMethodAdapter.handle(AbstractHandlerMethodAdapter.java:87) ~[spring-webmvc-5.2.8.RELEASE.jar:5.2.8.RELEASE]
	at org.springframework.web.servlet.DispatcherServlet.doDispatch(DispatcherServlet.java:1040) ~[spring-webmvc-5.2.8.RELEASE.jar:5.2.8.RELEASE]
	at org.springframework.web.servlet.DispatcherServlet.doService(DispatcherServlet.java:943) ~[spring-webmvc-5.2.8.RELEASE.jar:5.2.8.RELEASE]
	at org.springframework.web.servlet.FrameworkServlet.processRequest(FrameworkServlet.java:1006) ~[spring-webmvc-5.2.8.RELEASE.jar:5.2.8.RELEASE]
	at org.springframework.web.servlet.FrameworkServlet.doGet(FrameworkServlet.java:898) ~[spring-webmvc-5.2.8.RELEASE.jar:5.2.8.RELEASE]
	at javax.servlet.http.HttpServlet.service(HttpServlet.java:626) ~[tomcat-embed-core-9.0.37.jar:4.0.FR]
	at org.springframework.web.servlet.FrameworkServlet.service(FrameworkServlet.java:883) ~[spring-webmvc-5.2.8.RELEASE.jar:5.2.8.RELEASE]
	at javax.servlet.http.HttpServlet.service(HttpServlet.java:733) ~[tomcat-embed-core-9.0.37.jar:4.0.FR]
	at org.apache.catalina.core.ApplicationFilterChain.internalDoFilter(ApplicationFilterChain.java:231) ~[tomcat-embed-core-9.0.37.jar:9.0.37]
	at org.apache.catalina.core.ApplicationFilterChain.doFilter(ApplicationFilterChain.java:166) ~[tomcat-embed-core-9.0.37.jar:9.0.37]
	at org.apache.tomcat.websocket.server.WsFilter.doFilter(WsFilter.java:53) ~[tomcat-embed-websocket-9.0.37.jar:9.0.37]
	at org.apache.catalina.core.ApplicationFilterChain.internalDoFilter(ApplicationFilterChain.java:193) ~[tomcat-embed-core-9.0.37.jar:9.0.37]
	at org.apache.catalina.core.ApplicationFilterChain.doFilter(ApplicationFilterChain.java:166) ~[tomcat-embed-core-9.0.37.jar:9.0.37]
	at org.springframework.web.filter.RequestContextFilter.doFilterInternal(RequestContextFilter.java:100) ~[spring-web-5.2.8.RELEASE.jar:5.2.8.RELEASE]
	at org.springframework.web.filter.OncePerRequestFilter.doFilter(OncePerRequestFilter.java:119) ~[spring-web-5.2.8.RELEASE.jar:5.2.8.RELEASE]
	at org.apache.catalina.core.ApplicationFilterChain.internalDoFilter(ApplicationFilterChain.java:193) ~[tomcat-embed-core-9.0.37.jar:9.0.37]
	at org.apache.catalina.core.ApplicationFilterChain.doFilter(ApplicationFilterChain.java:166) ~[tomcat-embed-core-9.0.37.jar:9.0.37]
	at org.springframework.web.filter.FormContentFilter.doFilterInternal(FormContentFilter.java:93) ~[spring-web-5.2.8.RELEASE.jar:5.2.8.RELEASE]
	at org.springframework.web.filter.OncePerRequestFilter.doFilter(OncePerRequestFilter.java:119) ~[spring-web-5.2.8.RELEASE.jar:5.2.8.RELEASE]
	at org.apache.catalina.core.ApplicationFilterChain.internalDoFilter(ApplicationFilterChain.java:193) ~[tomcat-embed-core-9.0.37.jar:9.0.37]
	at org.apache.catalina.core.ApplicationFilterChain.doFilter(ApplicationFilterChain.java:166) ~[tomcat-embed-core-9.0.37.jar:9.0.37]
	at org.springframework.web.filter.CharacterEncodingFilter.doFilterInternal(CharacterEncodingFilter.java:201) ~[spring-web-5.2.8.RELEASE.jar:5.2.8.RELEASE]
	at org.springframework.web.filter.OncePerRequestFilter.doFilter(OncePerRequestFilter.java:119) ~[spring-web-5.2.8.RELEASE.jar:5.2.8.RELEASE]
	at org.apache.catalina.core.ApplicationFilterChain.internalDoFilter(ApplicationFilterChain.java:193) ~[tomcat-embed-core-9.0.37.jar:9.0.37]
	at org.apache.catalina.core.ApplicationFilterChain.doFilter(ApplicationFilterChain.java:166) ~[tomcat-embed-core-9.0.37.jar:9.0.37]
	at org.apache.catalina.core.StandardWrapperValve.invoke(StandardWrapperValve.java:202) ~[tomcat-embed-core-9.0.37.jar:9.0.37]
	at org.apache.catalina.core.StandardContextValve.invoke(StandardContextValve.java:96) [tomcat-embed-core-9.0.37.jar:9.0.37]
	at org.apache.catalina.authenticator.AuthenticatorBase.invoke(AuthenticatorBase.java:541) [tomcat-embed-core-9.0.37.jar:9.0.37]
	at org.apache.catalina.core.StandardHostValve.invoke(StandardHostValve.java:139) [tomcat-embed-core-9.0.37.jar:9.0.37]
	at org.apache.catalina.valves.ErrorReportValve.invoke(ErrorReportValve.java:92) [tomcat-embed-core-9.0.37.jar:9.0.37]
	at org.apache.catalina.core.StandardEngineValve.invoke(StandardEngineValve.java:74) [tomcat-embed-core-9.0.37.jar:9.0.37]
	at org.apache.catalina.connector.CoyoteAdapter.service(CoyoteAdapter.java:343) [tomcat-embed-core-9.0.37.jar:9.0.37]
	at org.apache.coyote.http11.Http11Processor.service(Http11Processor.java:373) [tomcat-embed-core-9.0.37.jar:9.0.37]
	at org.apache.coyote.AbstractProcessorLight.process(AbstractProcessorLight.java:65) [tomcat-embed-core-9.0.37.jar:9.0.37]
	at org.apache.coyote.AbstractProtocol$ConnectionHandler.process(AbstractProtocol.java:868) [tomcat-embed-core-9.0.37.jar:9.0.37]
	at org.apache.tomcat.util.net.NioEndpoint$SocketProcessor.doRun(NioEndpoint.java:1589) [tomcat-embed-core-9.0.37.jar:9.0.37]
	at org.apache.tomcat.util.net.SocketProcessorBase.run(SocketProcessorBase.java:49) [tomcat-embed-core-9.0.37.jar:9.0.37]
	at java.util.concurrent.ThreadPoolExecutor.runWorker(Unknown Source) [na:1.8.0_201]
	at java.util.concurrent.ThreadPoolExecutor$Worker.run(Unknown Source) [na:1.8.0_201]
	at org.apache.tomcat.util.threads.TaskThread$WrappingRunnable.run(TaskThread.java:61) [tomcat-embed-core-9.0.37.jar:9.0.37]
	at java.lang.Thread.run(Unknown Source) [na:1.8.0_201]

2020-09-07 19:52:51.332  INFO 19832 --- [http-nio-8083-exec-5] c.O.controller.OrganizationController    : From organization service application organization controller get all department details
2020-09-07 19:52:51.333  INFO 19832 --- [http-nio-8083-exec-5] c.O.service.OrganizationService          : From organization service get all departments service
2020-09-07 19:52:52.744  INFO 19832 --- [http-nio-8083-exec-6] c.O.controller.OrganizationController    : From organization service application organization controller get all department details
2020-09-07 19:52:52.744  INFO 19832 --- [http-nio-8083-exec-6] c.O.service.OrganizationService          : From organization service get all departments service
2020-09-07 19:52:54.248  INFO 19832 --- [http-nio-8083-exec-7] c.O.controller.OrganizationController    : From organization service application organization controller get all department details
2020-09-07 19:52:54.248  INFO 19832 --- [http-nio-8083-exec-7] c.O.service.OrganizationService          : From organization service get all departments service
2020-09-07 19:52:54.272  INFO 19832 --- [http-nio-8083-exec-8] c.O.controller.OrganizationController    : From organization service application organization controller get all department details
2020-09-07 19:52:54.272  INFO 19832 --- [http-nio-8083-exec-8] c.O.service.OrganizationService          : From organization service get all departments service
2020-09-07 19:52:54.287  INFO 19832 --- [http-nio-8083-exec-9] c.O.controller.OrganizationController    : From organization service application organization controller get employee by id
2020-09-07 19:52:54.287  INFO 19832 --- [http-nio-8083-exec-9] c.O.service.OrganizationService          : From organization service get employees by department id service
2020-09-07 19:52:55.608  INFO 19832 --- [http-nio-8083-exec-10] c.O.controller.OrganizationController    : From organization service application organization controller get all department details
2020-09-07 19:52:55.608  INFO 19832 --- [http-nio-8083-exec-10] c.O.service.OrganizationService          : From organization service get all departments service
2020-09-07 19:53:05.376  INFO 19832 --- [http-nio-8083-exec-1] c.O.controller.OrganizationController    : From organization service application organization controller get all department details
2020-09-07 19:53:05.377  INFO 19832 --- [http-nio-8083-exec-1] c.O.service.OrganizationService          : From organization service get all departments service
2020-09-07 19:57:11.101  INFO 19832 --- [AsyncResolver-bootstrap-executor-0] c.n.d.s.r.aws.ConfigClusterResolver      : Resolving eureka endpoints via configuration
